<?xml version="1.0" encoding="UTF-8"?>
<!-- Generated by org.testng.reporters.JUnitXMLReporter -->
<testsuite ignored="0" hostname="kundesh" failures="0" tests="5" name="SalesSuite" time="7.817" errors="0" timestamp="2023-10-26T13:27:02 IST">
  <testcase classname="com.eva.vtiger.testscripts.BaseTest" name="@BeforeMethod beforeTestcase" time="0.0">
    <failure type="java.lang.ArithmeticException" message="/ by zero">
      <![CDATA[java.lang.ArithmeticException: / by zero
at com.eva.vtiger.testscripts.BaseTest.beforeTestcase(BaseTest.java:67)
at java.base/jdk.internal.reflect.DirectMethodHandleAccessor.invoke(DirectMethodHandleAccessor.java:104)
at java.base/java.lang.reflect.Method.invoke(Method.java:578)
at org.testng.internal.MethodInvocationHelper.invokeMethod(MethodInvocationHelper.java:133)
at org.testng.internal.MethodInvocationHelper.invokeMethodConsideringTimeout(MethodInvocationHelper.java:62)
at org.testng.internal.ConfigInvoker.invokeConfigurationMethod(ConfigInvoker.java:385)
at org.testng.internal.ConfigInvoker.invokeConfigurations(ConfigInvoker.java:321)
at org.testng.internal.TestInvoker.runConfigMethods(TestInvoker.java:700)
at org.testng.internal.TestInvoker.invokeMethod(TestInvoker.java:527)
at org.testng.internal.TestInvoker.invokeTestMethod(TestInvoker.java:173)
at org.testng.internal.MethodRunner.runInSequence(MethodRunner.java:46)
at org.testng.internal.TestInvoker$MethodInvocationAgent.invoke(TestInvoker.java:824)
at org.testng.internal.TestInvoker.invokeTestMethods(TestInvoker.java:146)
at org.testng.internal.TestMethodWorker.invokeTestMethods(TestMethodWorker.java:146)
at org.testng.internal.TestMethodWorker.run(TestMethodWorker.java:128)
at java.base/java.util.ArrayList.forEach(ArrayList.java:1511)
at org.testng.TestRunner.privateRun(TestRunner.java:794)
at org.testng.TestRunner.run(TestRunner.java:596)
at org.testng.SuiteRunner.runTest(SuiteRunner.java:377)
at org.testng.SuiteRunner.runSequentially(SuiteRunner.java:371)
at org.testng.SuiteRunner.privateRun(SuiteRunner.java:332)
at org.testng.SuiteRunner.run(SuiteRunner.java:276)
at org.testng.SuiteRunnerWorker.runSuite(SuiteRunnerWorker.java:53)
at org.testng.SuiteRunnerWorker.run(SuiteRunnerWorker.java:96)
at org.testng.TestNG.runSuitesSequentially(TestNG.java:1212)
at org.testng.TestNG.runSuitesLocally(TestNG.java:1134)
at org.testng.TestNG.runSuites(TestNG.java:1063)
at org.testng.TestNG.run(TestNG.java:1031)
at org.testng.remote.AbstractRemoteTestNG.run(AbstractRemoteTestNG.java:115)
at org.testng.remote.RemoteTestNG.initAndRun(RemoteTestNG.java:251)
at org.testng.remote.RemoteTestNG.main(RemoteTestNG.java:77)
]]>
    </failure>
  </testcase> <!-- @BeforeMethod beforeTestcase -->
  <testcase classname="com.eva.vtiger.testscripts.BaseTest" name="@AfterMethod afterTestCase" time="-1.698307022058E9">
    <skipped/>
  </testcase> <!-- @AfterMethod afterTestCase -->
  <testcase classname="com.eva.vtiger.testscripts.BaseTest" name="@AfterMethod afterTestcase" time="-1.69830702206E9">
    <skipped/>
  </testcase> <!-- @AfterMethod afterTestcase -->
  <testcase classname="com.eva.vtiger.testscripts.BaseTest" name="@BeforeMethod beforeTestCase" time="-1.698307022065E9">
    <skipped/>
  </testcase> <!-- @BeforeMethod beforeTestCase -->
  <testcase classname="com.eva.vtiger.testscripts.BaseTest" name="@BeforeMethod beforeTestcase" time="-1.698307022067E9">
    <skipped/>
  </testcase> <!-- @BeforeMethod beforeTestcase -->
  <testcase classname="com.eva.vtiger.testscripts.BaseTest" name="@AfterMethod afterTestCase" time="-1.698307022111E9">
    <skipped/>
  </testcase> <!-- @AfterMethod afterTestCase -->
  <testcase classname="com.eva.vtiger.testscripts.BaseTest" name="@AfterMethod afterTestcase" time="-1.698307022114E9">
    <skipped/>
  </testcase> <!-- @AfterMethod afterTestcase -->
  <testcase classname="com.eva.vtiger.testscripts.BaseTest" name="@BeforeMethod beforeTestCase" time="-1.698307022117E9">
    <skipped/>
  </testcase> <!-- @BeforeMethod beforeTestCase -->
  <testcase classname="com.eva.vtiger.testscripts.BaseTest" name="@BeforeMethod beforeTestcase" time="-1.698307022124E9">
    <skipped/>
  </testcase> <!-- @BeforeMethod beforeTestcase -->
  <testcase classname="com.eva.vtiger.testscripts.BaseTest" name="@AfterMethod afterTestCase" time="-1.698307022138E9">
    <skipped/>
  </testcase> <!-- @AfterMethod afterTestCase -->
  <testcase classname="com.eva.vtiger.testscripts.BaseTest" name="@AfterMethod afterTestcase" time="-1.698307022142E9">
    <skipped/>
  </testcase> <!-- @AfterMethod afterTestcase -->
  <testcase classname="com.eva.vtiger.testscripts.BaseTest" name="@BeforeMethod beforeTestCase" time="-1.698307022145E9">
    <skipped/>
  </testcase> <!-- @BeforeMethod beforeTestCase -->
  <testcase classname="com.eva.vtiger.testscripts.BaseTest" name="@BeforeMethod beforeTestcase" time="-1.698307022147E9">
    <skipped/>
  </testcase> <!-- @BeforeMethod beforeTestcase -->
  <testcase classname="com.eva.vtiger.testscripts.BaseTest" name="@AfterMethod afterTestCase" time="-1.698307022152E9">
    <skipped/>
  </testcase> <!-- @AfterMethod afterTestCase -->
  <testcase classname="com.eva.vtiger.testscripts.BaseTest" name="@AfterMethod afterTestcase" time="-1.698307022175E9">
    <skipped/>
  </testcase> <!-- @AfterMethod afterTestcase -->
  <testcase classname="com.eva.vtiger.testscripts.BaseTest" name="@BeforeMethod beforeTestCase" time="-1.698307022179E9">
    <skipped/>
  </testcase> <!-- @BeforeMethod beforeTestCase -->
  <testcase classname="com.eva.vtiger.testscripts.BaseTest" name="@BeforeMethod beforeTestcase" time="-1.698307022182E9">
    <skipped/>
  </testcase> <!-- @BeforeMethod beforeTestcase -->
  <testcase classname="com.eva.vtiger.testscripts.BaseTest" name="@AfterMethod afterTestCase" time="-1.698307022197E9">
    <skipped/>
  </testcase> <!-- @AfterMethod afterTestCase -->
  <testcase classname="com.eva.vtiger.testscripts.BaseTest" name="@AfterMethod afterTestcase" time="-1.698307022199E9">
    <skipped/>
  </testcase> <!-- @AfterMethod afterTestcase -->
  <testcase classname="com.eva.vtiger.testscripts.BaseTest" name="@AfterClass afterClass" time="-1.698307022204E9">
    <skipped/>
  </testcase> <!-- @AfterClass afterClass -->
  <testcase classname="com.eva.vtiger.testscripts.MarketingAccountTestScripts" name="verifyVT005AccountEditable" time="0.0">
    <skipped/>
  </testcase> <!-- verifyVT005AccountEditable -->
  <testcase classname="com.eva.vtiger.testscripts.MarketingAccountTestScripts" name="verifyVT004DuplicateAccount" time="0.0">
    <skipped/>
  </testcase> <!-- verifyVT004DuplicateAccount -->
  <testcase classname="com.eva.vtiger.testscripts.MarketingAccountTestScripts" name="verifyVT001CreateAccount" time="0.0">
    <skipped/>
  </testcase> <!-- verifyVT001CreateAccount -->
  <testcase classname="com.eva.vtiger.testscripts.MarketingAccountTestScripts" name="verifyVT003SearchAccount" time="0.0">
    <skipped/>
  </testcase> <!-- verifyVT003SearchAccount -->
  <testcase classname="com.eva.vtiger.testscripts.MarketingAccountTestScripts" name="verifyVT002DeleteAccount" time="0.0">
    <skipped/>
  </testcase> <!-- verifyVT002DeleteAccount -->
</testsuite> <!-- SalesSuite -->
